<?xml version="1.0" encoding="UTF-8"?>
<testsuite name="com.qa.trello.tests.tests.GroupDeletionTests" tests="1" skipped="1" failures="0" errors="0" timestamp="2020-04-23T17:53:11" hostname="Krina" time="0.0">
  <properties/>
  <testcase name="testGroupDeletion" classname="com.qa.trello.tests.tests.GroupDeletionTests" time="0.0">
    <skipped/>
  </testcase>
  <system-out><![CDATA[]]></system-out>
  <system-err><![CDATA[]]></system-err>
</testsuite>
